SF:lib/features/location_btn/controller/location_pod.dart
DA:5,2
DA:6,1
LF:2
LH:2
end_of_record
SF:lib/features/location_btn/controller/location_service_stream_pod.dart
DA:4,3
DA:5,1
DA:6,1
LF:3
LH:3
end_of_record
SF:lib/features/location_btn/state/location_state.dart
DA:7,1
DA:12,1
DA:17,1
DA:19,3
DA:23,1
DA:25,3
DA:26,1
DA:34,1
DA:40,1
DA:41,2
DA:47,1
DA:53,1
DA:54,2
LF:13
LH:13
end_of_record
SF:lib/features/location_btn/controller/notifier/location_notifier.dart
DA:9,1
DA:12,4
DA:13,1
DA:14,1
DA:18,1
DA:19,1
DA:21,1
DA:27,1
DA:28,3
DA:29,1
DA:30,1
DA:32,1
DA:33,1
DA:34,2
DA:35,1
DA:41,1
DA:42,2
DA:43,1
DA:51,1
DA:53,1
DA:54,1
DA:55,1
DA:56,1
DA:65,1
DA:74,1
LF:25
LH:25
end_of_record
